<?xml version="1.0" encoding="UTF-8"?>
<testng-results skipped="0" failed="1" ignored="0" total="4" passed="3">
  <reporter-output>
  </reporter-output>
  <suite name="MyPreparation" duration-ms="78785" started-at="2019-10-31T19:53:36Z" finished-at="2019-10-31T19:54:54Z">
    <groups>
    </groups>
    <test name="LoginTest" duration-ms="78785" started-at="2019-10-31T19:53:36Z" finished-at="2019-10-31T19:54:54Z">
      <class name="com.automation.mypreparation.tests.Tc_Login">
        <test-method status="PASS" signature="setup(java.lang.String, org.testng.ITestContext)[pri:0, instance:com.automation.mypreparation.tests.Tc_Login@4f30ec]" name="setup" is-config="true" duration-ms="22442" started-at="2019-10-31T19:53:36Z" finished-at="2019-10-31T19:53:59Z">
          <params>
            <param index="0">
              <value>
                <![CDATA[chrome]]>
              </value>
            </param>
            <param index="1">
              <value>
                <![CDATA[org.testng.TestRunner@7d7908]]>
              </value>
            </param>
          </params>
          <reporter-output>
          </reporter-output>
        </test-method> <!-- setup -->
        <test-method status="PASS" signature="loginTest(java.lang.String, java.lang.String)[pri:0, instance:com.automation.mypreparation.tests.Tc_Login@4f30ec]" name="loginTest" duration-ms="11073" started-at="2019-10-31T19:54:01Z" data-provider="loginData" finished-at="2019-10-31T19:54:12Z">
          <params>
            <param index="0">
              <value>
                <![CDATA[yuvi.subu@yopmail.com]]>
              </value>
            </param>
            <param index="1">
              <value>
                <![CDATA[Welcome@123]]>
              </value>
            </param>
          </params>
          <reporter-output>
          </reporter-output>
        </test-method> <!-- loginTest -->
        <test-method status="FAIL" signature="loginTest(java.lang.String, java.lang.String)[pri:0, instance:com.automation.mypreparation.tests.Tc_Login@4f30ec]" name="loginTest" duration-ms="5347" started-at="2019-10-31T19:54:12Z" data-provider="loginData" finished-at="2019-10-31T19:54:17Z">
          <params>
            <param index="0">
              <value>
                <![CDATA[yuvi.subu1@yopmail.com]]>
              </value>
            </param>
            <param index="1">
              <value>
                <![CDATA[Welcome@12]]>
              </value>
            </param>
          </params>
          <exception class="java.lang.AssertionError">
            <message>
              <![CDATA[expected [My account - My Store] but found [Login - My Store]]]>
            </message>
            <full-stacktrace>
              <![CDATA[java.lang.AssertionError: expected [My account - My Store] but found [Login - My Store]
at org.testng.Assert.fail(Assert.java:96)
at org.testng.Assert.failNotEquals(Assert.java:776)
at org.testng.Assert.assertEqualsImpl(Assert.java:137)
at org.testng.Assert.assertEquals(Assert.java:118)
at org.testng.Assert.assertEquals(Assert.java:453)
at org.testng.Assert.assertEquals(Assert.java:463)
at com.automation.mypreparation.pages.LoginPage.verifyTitle(LoginPage.java:87)
at com.automation.mypreparation.pages.LoginPage.login(LoginPage.java:51)
at com.automation.mypreparation.tests.Tc_Login.loginTest(Tc_Login.java:31)
at sun.reflect.NativeMethodAccessorImpl.invoke0(Native Method)
at sun.reflect.NativeMethodAccessorImpl.invoke(Unknown Source)
at sun.reflect.DelegatingMethodAccessorImpl.invoke(Unknown Source)
at java.lang.reflect.Method.invoke(Unknown Source)
at org.testng.internal.MethodInvocationHelper.invokeMethod(MethodInvocationHelper.java:124)
at org.testng.internal.Invoker.invokeMethod(Invoker.java:583)
at org.testng.internal.Invoker.invokeTestMethod(Invoker.java:719)
at org.testng.internal.Invoker.invokeTestMethods(Invoker.java:989)
at org.testng.internal.TestMethodWorker.invokeTestMethods(TestMethodWorker.java:125)
at org.testng.internal.TestMethodWorker.run(TestMethodWorker.java:109)
at org.testng.TestRunner.privateRun(TestRunner.java:648)
at org.testng.TestRunner.run(TestRunner.java:505)
at org.testng.SuiteRunner.runTest(SuiteRunner.java:455)
at org.testng.SuiteRunner.runSequentially(SuiteRunner.java:450)
at org.testng.SuiteRunner.privateRun(SuiteRunner.java:415)
at org.testng.SuiteRunner.run(SuiteRunner.java:364)
at org.testng.SuiteRunnerWorker.runSuite(SuiteRunnerWorker.java:52)
at org.testng.SuiteRunnerWorker.run(SuiteRunnerWorker.java:84)
at org.testng.TestNG.runSuitesSequentially(TestNG.java:1208)
at org.testng.TestNG.runSuitesLocally(TestNG.java:1137)
at org.testng.TestNG.runSuites(TestNG.java:1049)
at org.testng.TestNG.run(TestNG.java:1017)
at org.testng.remote.AbstractRemoteTestNG.run(AbstractRemoteTestNG.java:132)
at org.testng.remote.RemoteTestNG.initAndRun(RemoteTestNG.java:230)
at org.testng.remote.RemoteTestNG.main(RemoteTestNG.java:76)
]]>
            </full-stacktrace>
          </exception> <!-- java.lang.AssertionError -->
          <reporter-output>
          </reporter-output>
        </test-method> <!-- loginTest -->
        <test-method status="PASS" signature="loginTest(java.lang.String, java.lang.String)[pri:0, instance:com.automation.mypreparation.tests.Tc_Login@4f30ec]" name="loginTest" duration-ms="8661" started-at="2019-10-31T19:54:18Z" data-provider="loginData" finished-at="2019-10-31T19:54:27Z">
          <params>
            <param index="0">
              <value>
                <![CDATA[yuvi.subu2@yopmail.com]]>
              </value>
            </param>
            <param index="1">
              <value>
                <![CDATA[Welcome@123]]>
              </value>
            </param>
          </params>
          <reporter-output>
          </reporter-output>
        </test-method> <!-- loginTest -->
        <test-method status="PASS" signature="tearDown()[pri:0, instance:com.automation.mypreparation.tests.Tc_Login@4f30ec]" name="tearDown" is-config="true" duration-ms="1185" started-at="2019-10-31T19:54:27Z" finished-at="2019-10-31T19:54:28Z">
          <reporter-output>
          </reporter-output>
        </test-method> <!-- tearDown -->
      </class> <!-- com.automation.mypreparation.tests.Tc_Login -->
      <class name="com.automation.mypreparation.tests.Tc_OrderHistoryDetails_NoRecords">
        <test-method status="PASS" signature="setup(java.lang.String, org.testng.ITestContext)[pri:0, instance:com.automation.mypreparation.tests.Tc_OrderHistoryDetails_NoRecords@25b2fe]" name="setup" is-config="true" duration-ms="15176" started-at="2019-10-31T19:54:28Z" finished-at="2019-10-31T19:54:43Z">
          <params>
            <param index="0">
              <value>
                <![CDATA[chrome]]>
              </value>
            </param>
            <param index="1">
              <value>
                <![CDATA[org.testng.TestRunner@7d7908]]>
              </value>
            </param>
          </params>
          <reporter-output>
          </reporter-output>
        </test-method> <!-- setup -->
        <test-method status="PASS" signature="verifyOrderHistoryDetais_NoRecords(java.lang.String)[pri:0, instance:com.automation.mypreparation.tests.Tc_OrderHistoryDetails_NoRecords@25b2fe]" name="verifyOrderHistoryDetais_NoRecords" duration-ms="9809" started-at="2019-10-31T19:54:43Z" data-provider="ohdp" finished-at="2019-10-31T19:54:53Z">
          <params>
            <param index="0">
              <value>
                <![CDATA[t1]]>
              </value>
            </param>
          </params>
          <reporter-output>
          </reporter-output>
        </test-method> <!-- verifyOrderHistoryDetais_NoRecords -->
        <test-method status="PASS" signature="tearDown()[pri:0, instance:com.automation.mypreparation.tests.Tc_OrderHistoryDetails_NoRecords@25b2fe]" name="tearDown" is-config="true" duration-ms="1084" started-at="2019-10-31T19:54:53Z" finished-at="2019-10-31T19:54:54Z">
          <reporter-output>
          </reporter-output>
        </test-method> <!-- tearDown -->
      </class> <!-- com.automation.mypreparation.tests.Tc_OrderHistoryDetails_NoRecords -->
    </test> <!-- LoginTest -->
  </suite> <!-- MyPreparation -->
</testng-results>
